2018-04-25 11:10:50 +0000 [MT] Initial pipeline context: <IDEDistributionProcessingPipelineContext: 0x7f933718f380; archive(resolved)='<IDEArchive: 0x7f9337119d20>', distributionTask(resolved)='2', distributionMethod(resolved)='<IDEDistributionMethodAdHoc: 0x7f9336f02050>', team(resolved)='<IDEProvisioningBasicTeam 0x7f93371732d0: teamID: 6JK666BK2K, teamName: (null)>'>
	Chain (11, self inclusive):
	<IDEDistributionProcessingPipelineContext: 0x7f933718f380; archive = '<IDEArchive: 0x7f9337119d20>', distributionMethod='<IDEDistributionMethodAdHoc: 0x7f9336f02050>', team='<IDEProvisioningBasicTeam 0x7f93371732d0: teamID: 6JK666BK2K, teamName: (null)>'>
	<IDEDistributionProcessingPipelineContext: 0x7f9337184b20; archive = '<IDEArchive: 0x7f9337119d20>', distributionMethod='<IDEDistributionMethodAdHoc: 0x7f9336f02050>', team='<IDEProvisioningBasicTeam 0x7f93371732d0: teamID: 6JK666BK2K, teamName: (null)>'>
	<IDEDistributionContext: 0x7f93371868a0; archive = '<IDEArchive: 0x7f9337119d20>', distributionMethod='<IDEDistributionMethodAdHoc: 0x7f9336f02050>', team='<IDEProvisioningBasicTeam 0x7f93371732d0: teamID: 6JK666BK2K, teamName: (null)>'>
	<IDEDistributionContext: 0x7f9337181a40; archive = '<IDEArchive: 0x7f9337119d20>', distributionMethod='<IDEDistributionMethodAdHoc: 0x7f9336f02050>', team='<IDEProvisioningBasicTeam 0x7f93371732d0: teamID: 6JK666BK2K, teamName: (null)>'>
	<IDEDistributionContext: 0x7f93371806f0; archive = '<IDEArchive: 0x7f9337119d20>', distributionMethod='<IDEDistributionMethodAdHoc: 0x7f9336f02050>', team='<IDEProvisioningBasicTeam 0x7f93371732d0: teamID: 6JK666BK2K, teamName: (null)>'>
	<IDEDistributionContext: 0x7f933717f2b0; archive = '<IDEArchive: 0x7f9337119d20>', distributionMethod='<IDEDistributionMethodAdHoc: 0x7f9336f02050>', team='<IDEProvisioningBasicTeam 0x7f93371732d0: teamID: 6JK666BK2K, teamName: (null)>'>
	<IDEDistributionContext: 0x7f933717c7c0; archive = '<IDEArchive: 0x7f9337119d20>', distributionMethod='<IDEDistributionMethodAdHoc: 0x7f9336f02050>', team='<IDEProvisioningBasicTeam 0x7f93371732d0: teamID: 6JK666BK2K, teamName: (null)>'>
	<IDEDistributionContext: 0x7f933717b9f0; archive = '<IDEArchive: 0x7f9337119d20>', distributionMethod='<IDEDistributionMethodAdHoc: 0x7f9336f02050>', team='<IDEProvisioningBasicTeam 0x7f93371732d0: teamID: 6JK666BK2K, teamName: (null)>'>
	<IDEDistributionContext: 0x7f9336f2e8e0; archive = '<IDEArchive: 0x7f9337119d20>', distributionMethod='<IDEDistributionMethodAdHoc: 0x7f9336f02050>', team='<IDEProvisioningBasicTeam 0x7f93371732d0: teamID: 6JK666BK2K, teamName: (null)>'>
	<IDEDistributionContext: 0x7f9336f1e8b0; archive = '<IDEArchive: 0x7f9337119d20>', distributionMethod='<IDEDistributionMethodAdHoc: 0x7f9336f02050>', team='(null)'>
	<IDEDistributionContext: 0x7f9336df1c80; archive = '<IDEArchive: 0x7f9337119d20>', distributionMethod='(null)', team='(null)'>
</IDEDistributionProcessingPipelineContext: 0x7f933718f380>
2018-04-25 11:10:50 +0000 [MT] Processing step: IDEDistributionCreateDestRootStep
2018-04-25 11:10:50 +0000 [MT] Processing step: IDEDistributionCopyItemStep
2018-04-25 11:10:50 +0000 [MT] Running /usr/bin/ditto '-V' '/Users/nehamaganpalsingh/Desktop/TestLoginApplication/LoginApplication.xcarchive/Products/Applications/LoginApplication.app' '/var/folders/nb/9r6twky15958wwv0khjnx1p40000gn/T/XcodeDistPipeline.wg6/Root/Payload/LoginApplication.app'
2018-04-25 11:10:50 +0000  >>> Copying /Users/nehamaganpalsingh/Desktop/TestLoginApplication/LoginApplication.xcarchive/Products/Applications/LoginApplication.app 
2018-04-25 11:10:50 +0000  copying file ./_CodeSignature/CodeResources ... 
2018-04-25 11:10:50 +0000  12221 bytes for ./_CodeSignature/CodeResources
2018-04-25 11:10:50 +0000  copying file ./archived-expanded-entitlements.xcent ... 
2018-04-25 11:10:50 +0000  362 bytes for ./archived-expanded-entitlements.xcent
2018-04-25 11:10:50 +0000  copying file ./Base.lproj/LaunchScreen.storyboardc/01J-lp-oVM-view-Ze5-6b-2t3.nib ... 
2018-04-25 11:10:50 +0000  1790 bytes for ./Base.lproj/LaunchScreen.storyboardc/01J-lp-oVM-view-Ze5-6b-2t3.nib
copying file ./Base.lproj/LaunchScreen.storyboardc/Info.plist ... 
2018-04-25 11:10:50 +0000  258 bytes for ./Base.lproj/LaunchScreen.storyboardc/Info.plist
copying file ./Base.lproj/LaunchScreen.storyboardc/UIViewController-01J-lp-oVM.nib ... 
2018-04-25 11:10:50 +0000  832 bytes for ./Base.lproj/LaunchScreen.storyboardc/UIViewController-01J-lp-oVM.nib
2018-04-25 11:10:50 +0000  copying file ./Base.lproj/Main.storyboardc/BYZ-38-t0r-view-8bC-Xf-vdC.nib/objects-11.0+.nib ... 
2018-04-25 11:10:50 +0000  5500 bytes for ./Base.lproj/Main.storyboardc/BYZ-38-t0r-view-8bC-Xf-vdC.nib/objects-11.0+.nib
copying file ./Base.lproj/Main.storyboardc/BYZ-38-t0r-view-8bC-Xf-vdC.nib/runtime.nib ... 
2018-04-25 11:10:50 +0000  5507 bytes for ./Base.lproj/Main.storyboardc/BYZ-38-t0r-view-8bC-Xf-vdC.nib/runtime.nib
2018-04-25 11:10:50 +0000  copying file ./Base.lproj/Main.storyboardc/Info.plist ... 
2018-04-25 11:10:50 +0000  347 bytes for ./Base.lproj/Main.storyboardc/Info.plist
2018-04-25 11:10:50 +0000  copying file ./Base.lproj/Main.storyboardc/RwJ-ta-SGc-view-TFI-Az-SZz.nib/objects-11.0+.nib ... 
2018-04-25 11:10:50 +0000  3035 bytes for ./Base.lproj/Main.storyboardc/RwJ-ta-SGc-view-TFI-Az-SZz.nib/objects-11.0+.nib
2018-04-25 11:10:50 +0000  copying file ./Base.lproj/Main.storyboardc/RwJ-ta-SGc-view-TFI-Az-SZz.nib/runtime.nib ... 
2018-04-25 11:10:50 +0000  3172 bytes for ./Base.lproj/Main.storyboardc/RwJ-ta-SGc-view-TFI-Az-SZz.nib/runtime.nib
2018-04-25 11:10:50 +0000  copying file ./Base.lproj/Main.storyboardc/TableView.nib/objects-11.0+.nib ... 
2018-04-25 11:10:50 +0000  1047 bytes for ./Base.lproj/Main.storyboardc/TableView.nib/objects-11.0+.nib
2018-04-25 11:10:50 +0000  copying file ./Base.lproj/Main.storyboardc/TableView.nib/runtime.nib ... 
2018-04-25 11:10:50 +0000  1047 bytes for ./Base.lproj/Main.storyboardc/TableView.nib/runtime.nib
2018-04-25 11:10:50 +0000  copying file ./Base.lproj/Main.storyboardc/UINavigationController-ya4-XY-G1p.nib/objects-11.0+.nib ... 
2018-04-25 11:10:50 +0000  1760 bytes for ./Base.lproj/Main.storyboardc/UINavigationController-ya4-XY-G1p.nib/objects-11.0+.nib
copying file ./Base.lproj/Main.storyboardc/UINavigationController-ya4-XY-G1p.nib/runtime.nib ... 
2018-04-25 11:10:50 +0000  1760 bytes for ./Base.lproj/Main.storyboardc/UINavigationController-ya4-XY-G1p.nib/runtime.nib
2018-04-25 11:10:50 +0000  copying file ./Base.lproj/Main.storyboardc/ViewController.nib/objects-11.0+.nib ... 
2018-04-25 11:10:50 +0000  1115 bytes for ./Base.lproj/Main.storyboardc/ViewController.nib/objects-11.0+.nib
2018-04-25 11:10:50 +0000  copying file ./Base.lproj/Main.storyboardc/ViewController.nib/runtime.nib ... 
2018-04-25 11:10:50 +0000  1115 bytes for ./Base.lproj/Main.storyboardc/ViewController.nib/runtime.nib
2018-04-25 11:10:50 +0000  copying file ./embedded.mobileprovision ... 
2018-04-25 11:10:50 +0000  8264 bytes for ./embedded.mobileprovision
2018-04-25 11:10:50 +0000  copying file ./Frameworks/libswiftCore.dylib ... 
2018-04-25 11:10:50 +0000  21079584 bytes for ./Frameworks/libswiftCore.dylib
copying file ./Frameworks/libswiftCoreFoundation.dylib ... 
2018-04-25 11:10:50 +0000  208288 bytes for ./Frameworks/libswiftCoreFoundation.dylib
copying file ./Frameworks/libswiftCoreGraphics.dylib ... 
577760 bytes for ./Frameworks/libswiftCoreGraphics.dylib
copying file ./Frameworks/libswiftCoreImage.dylib ... 
208864 bytes for ./Frameworks/libswiftCoreImage.dylib
copying file ./Frameworks/libswiftDarwin.dylib ... 
303072 bytes for ./Frameworks/libswiftDarwin.dylib
copying file ./Frameworks/libswiftDispatch.dylib ... 
1009248 bytes for ./Frameworks/libswiftDispatch.dylib
copying file ./Frameworks/libswiftFoundation.dylib ... 
2018-04-25 11:10:50 +0000  8413280 bytes for ./Frameworks/libswiftFoundation.dylib
copying file ./Frameworks/libswiftMetal.dylib ... 
2018-04-25 11:10:50 +0000  251248 bytes for ./Frameworks/libswiftMetal.dylib
copying file ./Frameworks/libswiftObjectiveC.dylib ... 
258944 bytes for ./Frameworks/libswiftObjectiveC.dylib
copying file ./Frameworks/libswiftos.dylib ... 
248912 bytes for ./Frameworks/libswiftos.dylib
copying file ./Frameworks/libswiftQuartzCore.dylib ... 
212208 bytes for ./Frameworks/libswiftQuartzCore.dylib
copying file ./Frameworks/libswiftUIKit.dylib ... 
361488 bytes for ./Frameworks/libswiftUIKit.dylib
copying file ./Info.plist ... 
1115 bytes for ./Info.plist
copying file ./LoginApplication ... 
237904 bytes for ./LoginApplication
copying file ./PkgInfo ... 
2018-04-25 11:10:50 +0000 [MT] /usr/bin/ditto exited with 0
2018-04-25 11:10:50 +0000  8 bytes for ./PkgInfo
2018-04-25 11:10:50 +0000 [MT] Processing step: IDEDistributionEmbedProfileStep
2018-04-25 11:10:50 +0000 [MT] Skipping profile for item: <IDEDistributionItem: 0x7f9336f4f480 'com.apple.dt.runtime.swiftCore' '<DVTFilePath:0x7f933714d240:'/Users/nehamaganpalsingh/Desktop/TestLoginApplication/LoginApplication.xcarchive/Products/Applications/LoginApplication.app/Frameworks/libswiftCore.dylib'>'>
2018-04-25 11:10:50 +0000 [MT] Skipping profile for item: <IDEDistributionItem: 0x7f9336f83810 'com.apple.dt.runtime.swiftCoreFoundation' '<DVTFilePath:0x7f9336f55610:'/Users/nehamaganpalsingh/Desktop/TestLoginApplication/LoginApplication.xcarchive/Products/Applications/LoginApplication.app/Frameworks/libswiftCoreFoundation.dylib'>'>
2018-04-25 11:10:50 +0000 [MT] Skipping profile for item: <IDEDistributionItem: 0x7f9337167730 'com.apple.dt.runtime.swiftCoreGraphics' '<DVTFilePath:0x7f9336f59210:'/Users/nehamaganpalsingh/Desktop/TestLoginApplication/LoginApplication.xcarchive/Products/Applications/LoginApplication.app/Frameworks/libswiftCoreGraphics.dylib'>'>
2018-04-25 11:10:50 +0000 [MT] Skipping profile for item: <IDEDistributionItem: 0x7f9336f796e0 'com.apple.dt.runtime.swiftCoreImage' '<DVTFilePath:0x7f9334771a50:'/Users/nehamaganpalsingh/Desktop/TestLoginApplication/LoginApplication.xcarchive/Products/Applications/LoginApplication.app/Frameworks/libswiftCoreImage.dylib'>'>
2018-04-25 11:10:50 +0000 [MT] Skipping profile for item: <IDEDistributionItem: 0x7f9336f7ae30 'com.apple.dt.runtime.swiftDarwin' '<DVTFilePath:0x7f9337153f50:'/Users/nehamaganpalsingh/Desktop/TestLoginApplication/LoginApplication.xcarchive/Products/Applications/LoginApplication.app/Frameworks/libswiftDarwin.dylib'>'>
2018-04-25 11:10:50 +0000 [MT] Skipping profile for item: <IDEDistributionItem: 0x7f9337145a80 'com.apple.dt.runtime.swiftDispatch' '<DVTFilePath:0x7f9336f17410:'/Users/nehamaganpalsingh/Desktop/TestLoginApplication/LoginApplication.xcarchive/Products/Applications/LoginApplication.app/Frameworks/libswiftDispatch.dylib'>'>
2018-04-25 11:10:50 +0000 [MT] Skipping profile for item: <IDEDistributionItem: 0x7f933716efa0 'com.apple.dt.runtime.swiftFoundation' '<DVTFilePath:0x7f9336f42d80:'/Users/nehamaganpalsingh/Desktop/TestLoginApplication/LoginApplication.xcarchive/Products/Applications/LoginApplication.app/Frameworks/libswiftFoundation.dylib'>'>
2018-04-25 11:10:50 +0000 [MT] Skipping profile for item: <IDEDistributionItem: 0x7f9336f5bea0 'com.apple.dt.runtime.swiftMetal' '<DVTFilePath:0x7f9337150720:'/Users/nehamaganpalsingh/Desktop/TestLoginApplication/LoginApplication.xcarchive/Products/Applications/LoginApplication.app/Frameworks/libswiftMetal.dylib'>'>
2018-04-25 11:10:50 +0000 [MT] Skipping profile for item: <IDEDistributionItem: 0x7f9336f8d830 'com.apple.dt.runtime.swiftObjectiveC' '<DVTFilePath:0x7f9337145820:'/Users/nehamaganpalsingh/Desktop/TestLoginApplication/LoginApplication.xcarchive/Products/Applications/LoginApplication.app/Frameworks/libswiftObjectiveC.dylib'>'>
2018-04-25 11:10:50 +0000 [MT] Skipping profile for item: <IDEDistributionItem: 0x7f933716c0e0 'com.apple.dt.runtime.swiftQuartzCore' '<DVTFilePath:0x7f9336f404e0:'/Users/nehamaganpalsingh/Desktop/TestLoginApplication/LoginApplication.xcarchive/Products/Applications/LoginApplication.app/Frameworks/libswiftQuartzCore.dylib'>'>
2018-04-25 11:10:50 +0000 [MT] Skipping profile for item: <IDEDistributionItem: 0x7f9336f56c40 'com.apple.dt.runtime.swiftUIKit' '<DVTFilePath:0x7f9336f433b0:'/Users/nehamaganpalsingh/Desktop/TestLoginApplication/LoginApplication.xcarchive/Products/Applications/LoginApplication.app/Frameworks/libswiftUIKit.dylib'>'>
2018-04-25 11:10:50 +0000 [MT] Skipping profile for item: <IDEDistributionItem: 0x7f933715cf90 'com.apple.dt.runtime.swiftos' '<DVTFilePath:0x7f9336f48480:'/Users/nehamaganpalsingh/Desktop/TestLoginApplication/LoginApplication.xcarchive/Products/Applications/LoginApplication.app/Frameworks/libswiftos.dylib'>'>
2018-04-25 11:10:50 +0000 [MT] Processing step: IDEDistributionAppThinningPlistStep
2018-04-25 11:10:50 +0000 [MT] Skipping step: IDEDistributionAppThinningPlistStep because it said so
2018-04-25 11:10:50 +0000 [MT] Processing step: IDEDistributionCompileBitcodeStep
2018-04-25 11:10:50 +0000 [MT] Skipping step: IDEDistributionCompileBitcodeStep because it said so
2018-04-25 11:10:50 +0000 [MT] Processing step: IDEDistributionCodeSlimmingStep
2018-04-25 11:10:50 +0000 [MT] Processing step: IDEDistributionCopyBCSymbolMapsStep
2018-04-25 11:10:50 +0000 [MT] Skipping step: IDEDistributionCopyBCSymbolMapsStep because it said so
2018-04-25 11:10:50 +0000 [MT] Skipping step: IDEDistributionCopyBCSymbolMapsStep because it said so
2018-04-25 11:10:50 +0000 [MT] Skipping step: IDEDistributionCopyBCSymbolMapsStep because it said so
2018-04-25 11:10:50 +0000 [MT] Skipping step: IDEDistributionCopyBCSymbolMapsStep because it said so
2018-04-25 11:10:50 +0000 [MT] Skipping step: IDEDistributionCopyBCSymbolMapsStep because it said so
2018-04-25 11:10:50 +0000 [MT] Skipping step: IDEDistributionCopyBCSymbolMapsStep because it said so
2018-04-25 11:10:50 +0000 [MT] Skipping step: IDEDistributionCopyBCSymbolMapsStep because it said so
2018-04-25 11:10:50 +0000 [MT] Skipping step: IDEDistributionCopyBCSymbolMapsStep because it said so
2018-04-25 11:10:50 +0000 [MT] Skipping step: IDEDistributionCopyBCSymbolMapsStep because it said so
2018-04-25 11:10:50 +0000 [MT] Skipping step: IDEDistributionCopyBCSymbolMapsStep because it said so
2018-04-25 11:10:50 +0000 [MT] Skipping step: IDEDistributionCopyBCSymbolMapsStep because it said so
2018-04-25 11:10:50 +0000 [MT] Skipping step: IDEDistributionCopyBCSymbolMapsStep because it said so
2018-04-25 11:10:50 +0000 [MT] Skipping step: IDEDistributionCopyBCSymbolMapsStep because it said so
2018-04-25 11:10:50 +0000 [MT] Processing step: IDEDistributionSymbolsStep
2018-04-25 11:10:50 +0000 [MT] Skipping step: IDEDistributionSymbolsStep because it said so
2018-04-25 11:10:50 +0000 [MT] Skipping step: IDEDistributionSymbolsStep because it said so
2018-04-25 11:10:50 +0000 [MT] Skipping step: IDEDistributionSymbolsStep because it said so
2018-04-25 11:10:50 +0000 [MT] Skipping step: IDEDistributionSymbolsStep because it said so
2018-04-25 11:10:50 +0000 [MT] Skipping step: IDEDistributionSymbolsStep because it said so
2018-04-25 11:10:50 +0000 [MT] Skipping step: IDEDistributionSymbolsStep because it said so
2018-04-25 11:10:50 +0000 [MT] Skipping step: IDEDistributionSymbolsStep because it said so
2018-04-25 11:10:50 +0000 [MT] Skipping step: IDEDistributionSymbolsStep because it said so
2018-04-25 11:10:50 +0000 [MT] Skipping step: IDEDistributionSymbolsStep because it said so
2018-04-25 11:10:50 +0000 [MT] Skipping step: IDEDistributionSymbolsStep because it said so
2018-04-25 11:10:50 +0000 [MT] Skipping step: IDEDistributionSymbolsStep because it said so
2018-04-25 11:10:50 +0000 [MT] Skipping step: IDEDistributionSymbolsStep because it said so
2018-04-25 11:10:50 +0000 [MT] Skipping step: IDEDistributionSymbolsStep because it said so
2018-04-25 11:10:50 +0000 [MT] Processing step: IDEDistributionAppThinningStep
2018-04-25 11:10:50 +0000 [MT] Skipping step: IDEDistributionAppThinningStep because it said so
2018-04-25 11:10:50 +0000 [MT] Processing step: IDEDistributionODRStep
2018-04-25 11:10:50 +0000 [MT] Processing step: IDEDistributionStripXattrsStep
2018-04-25 11:10:50 +0000 [MT] Skipping stripping extended attributes of item: <IDEDistributionItem: 0x7f9336f4f480 'com.apple.dt.runtime.swiftCore' '<DVTFilePath:0x7f933714d240:'/Users/nehamaganpalsingh/Desktop/TestLoginApplication/LoginApplication.xcarchive/Products/Applications/LoginApplication.app/Frameworks/libswiftCore.dylib'>'>
2018-04-25 11:10:50 +0000 [MT] Skipping stripping extended attributes of item: <IDEDistributionItem: 0x7f9336f83810 'com.apple.dt.runtime.swiftCoreFoundation' '<DVTFilePath:0x7f9336f55610:'/Users/nehamaganpalsingh/Desktop/TestLoginApplication/LoginApplication.xcarchive/Products/Applications/LoginApplication.app/Frameworks/libswiftCoreFoundation.dylib'>'>
2018-04-25 11:10:50 +0000 [MT] Skipping stripping extended attributes of item: <IDEDistributionItem: 0x7f9337167730 'com.apple.dt.runtime.swiftCoreGraphics' '<DVTFilePath:0x7f9336f59210:'/Users/nehamaganpalsingh/Desktop/TestLoginApplication/LoginApplication.xcarchive/Products/Applications/LoginApplication.app/Frameworks/libswiftCoreGraphics.dylib'>'>
2018-04-25 11:10:50 +0000 [MT] Skipping stripping extended attributes of item: <IDEDistributionItem: 0x7f9336f796e0 'com.apple.dt.runtime.swiftCoreImage' '<DVTFilePath:0x7f9334771a50:'/Users/nehamaganpalsingh/Desktop/TestLoginApplication/LoginApplication.xcarchive/Products/Applications/LoginApplication.app/Frameworks/libswiftCoreImage.dylib'>'>
2018-04-25 11:10:50 +0000 [MT] Skipping stripping extended attributes of item: <IDEDistributionItem: 0x7f9336f7ae30 'com.apple.dt.runtime.swiftDarwin' '<DVTFilePath:0x7f9337153f50:'/Users/nehamaganpalsingh/Desktop/TestLoginApplication/LoginApplication.xcarchive/Products/Applications/LoginApplication.app/Frameworks/libswiftDarwin.dylib'>'>
2018-04-25 11:10:50 +0000 [MT] Skipping stripping extended attributes of item: <IDEDistributionItem: 0x7f9337145a80 'com.apple.dt.runtime.swiftDispatch' '<DVTFilePath:0x7f9336f17410:'/Users/nehamaganpalsingh/Desktop/TestLoginApplication/LoginApplication.xcarchive/Products/Applications/LoginApplication.app/Frameworks/libswiftDispatch.dylib'>'>
2018-04-25 11:10:50 +0000 [MT] Skipping stripping extended attributes of item: <IDEDistributionItem: 0x7f933716efa0 'com.apple.dt.runtime.swiftFoundation' '<DVTFilePath:0x7f9336f42d80:'/Users/nehamaganpalsingh/Desktop/TestLoginApplication/LoginApplication.xcarchive/Products/Applications/LoginApplication.app/Frameworks/libswiftFoundation.dylib'>'>
2018-04-25 11:10:50 +0000 [MT] Skipping stripping extended attributes of item: <IDEDistributionItem: 0x7f9336f5bea0 'com.apple.dt.runtime.swiftMetal' '<DVTFilePath:0x7f9337150720:'/Users/nehamaganpalsingh/Desktop/TestLoginApplication/LoginApplication.xcarchive/Products/Applications/LoginApplication.app/Frameworks/libswiftMetal.dylib'>'>
2018-04-25 11:10:50 +0000 [MT] Skipping stripping extended attributes of item: <IDEDistributionItem: 0x7f9336f8d830 'com.apple.dt.runtime.swiftObjectiveC' '<DVTFilePath:0x7f9337145820:'/Users/nehamaganpalsingh/Desktop/TestLoginApplication/LoginApplication.xcarchive/Products/Applications/LoginApplication.app/Frameworks/libswiftObjectiveC.dylib'>'>
2018-04-25 11:10:50 +0000 [MT] Skipping stripping extended attributes of item: <IDEDistributionItem: 0x7f933716c0e0 'com.apple.dt.runtime.swiftQuartzCore' '<DVTFilePath:0x7f9336f404e0:'/Users/nehamaganpalsingh/Desktop/TestLoginApplication/LoginApplication.xcarchive/Products/Applications/LoginApplication.app/Frameworks/libswiftQuartzCore.dylib'>'>
2018-04-25 11:10:50 +0000 [MT] Skipping stripping extended attributes of item: <IDEDistributionItem: 0x7f9336f56c40 'com.apple.dt.runtime.swiftUIKit' '<DVTFilePath:0x7f9336f433b0:'/Users/nehamaganpalsingh/Desktop/TestLoginApplication/LoginApplication.xcarchive/Products/Applications/LoginApplication.app/Frameworks/libswiftUIKit.dylib'>'>
2018-04-25 11:10:50 +0000 [MT] Skipping stripping extended attributes of item: <IDEDistributionItem: 0x7f933715cf90 'com.apple.dt.runtime.swiftos' '<DVTFilePath:0x7f9336f48480:'/Users/nehamaganpalsingh/Desktop/TestLoginApplication/LoginApplication.xcarchive/Products/Applications/LoginApplication.app/Frameworks/libswiftos.dylib'>'>
2018-04-25 11:10:50 +0000 [MT] Running /usr/bin/xattr '-crs' '/var/folders/nb/9r6twky15958wwv0khjnx1p40000gn/T/XcodeDistPipeline.wg6/Root/Payload/LoginApplication.app'
2018-04-25 11:10:50 +0000 [MT] /usr/bin/xattr exited with 0
2018-04-25 11:10:50 +0000 [MT] Processing step: IDEDistributionCodesignStep
2018-04-25 11:10:50 +0000 [MT] Applying entitlements delta for <IDEDistributionItem: 0x7f9336f4f480 'com.apple.dt.runtime.swiftCore' '<DVTFilePath:0x7f933714d240:'/Users/nehamaganpalsingh/Desktop/TestLoginApplication/LoginApplication.xcarchive/Products/Applications/LoginApplication.app/Frameworks/libswiftCore.dylib'>'> from <IDEiCloudEntitlementsProcessor: 0x7f9336f67210>: {
}
2018-04-25 11:10:50 +0000 [MT] Entitlements for <IDEDistributionItem: 0x7f9336f4f480 'com.apple.dt.runtime.swiftCore' '<DVTFilePath:0x7f933714d240:'/Users/nehamaganpalsingh/Desktop/TestLoginApplication/LoginApplication.xcarchive/Products/Applications/LoginApplication.app/Frameworks/libswiftCore.dylib'>'>: {
}
2018-04-25 11:10:50 +0000 [MT] Writing entitlements for <IDEDistributionItem: 0x7f9336f4f480 'com.apple.dt.runtime.swiftCore' '<DVTFilePath:0x7f933714d240:'/Users/nehamaganpalsingh/Desktop/TestLoginApplication/LoginApplication.xcarchive/Products/Applications/LoginApplication.app/Frameworks/libswiftCore.dylib'>'> to: /var/folders/nb/9r6twky15958wwv0khjnx1p40000gn/T/XcodeDistPipeline.wg6/entitlementsltP2aN
2018-04-25 11:10:50 +0000 [MT] Running /usr/bin/codesign '-vvv' '--force' '--sign' '4F3F430F32E3D6DEB8DF093E9351598D09D0D881' '--preserve-metadata=identifier,flags' '--entitlements' '/var/folders/nb/9r6twky15958wwv0khjnx1p40000gn/T/XcodeDistPipeline.wg6/entitlementsltP2aN' '/var/folders/nb/9r6twky15958wwv0khjnx1p40000gn/T/XcodeDistPipeline.wg6/Root/Payload/LoginApplication.app/Frameworks/libswiftCore.dylib'
2018-04-25 11:10:50 +0000  /var/folders/nb/9r6twky15958wwv0khjnx1p40000gn/T/XcodeDistPipeline.wg6/Root/Payload/LoginApplication.app/Frameworks/libswiftCore.dylib: replacing existing signature
2018-04-25 11:10:50 +0000  /var/folders/nb/9r6twky15958wwv0khjnx1p40000gn/T/XcodeDistPipeline.wg6/Root/Payload/LoginApplication.app/Frameworks/libswiftCore.dylib: signed Mach-O universal (armv7 armv7s arm64) [com.apple.dt.runtime.swiftCore]
2018-04-25 11:10:50 +0000 [MT] /usr/bin/codesign exited with 0
2018-04-25 11:10:50 +0000 [MT] Applying entitlements delta for <IDEDistributionItem: 0x7f9336f83810 'com.apple.dt.runtime.swiftCoreFoundation' '<DVTFilePath:0x7f9336f55610:'/Users/nehamaganpalsingh/Desktop/TestLoginApplication/LoginApplication.xcarchive/Products/Applications/LoginApplication.app/Frameworks/libswiftCoreFoundation.dylib'>'> from <IDEiCloudEntitlementsProcessor: 0x7f9336f8c590>: {
}
2018-04-25 11:10:50 +0000 [MT] Entitlements for <IDEDistributionItem: 0x7f9336f83810 'com.apple.dt.runtime.swiftCoreFoundation' '<DVTFilePath:0x7f9336f55610:'/Users/nehamaganpalsingh/Desktop/TestLoginApplication/LoginApplication.xcarchive/Products/Applications/LoginApplication.app/Frameworks/libswiftCoreFoundation.dylib'>'>: {
}
2018-04-25 11:10:50 +0000 [MT] Writing entitlements for <IDEDistributionItem: 0x7f9336f83810 'com.apple.dt.runtime.swiftCoreFoundation' '<DVTFilePath:0x7f9336f55610:'/Users/nehamaganpalsingh/Desktop/TestLoginApplication/LoginApplication.xcarchive/Products/Applications/LoginApplication.app/Frameworks/libswiftCoreFoundation.dylib'>'> to: /var/folders/nb/9r6twky15958wwv0khjnx1p40000gn/T/XcodeDistPipeline.wg6/entitlements3B1zg3
2018-04-25 11:10:50 +0000 [MT] Running /usr/bin/codesign '-vvv' '--force' '--sign' '4F3F430F32E3D6DEB8DF093E9351598D09D0D881' '--preserve-metadata=identifier,flags' '--entitlements' '/var/folders/nb/9r6twky15958wwv0khjnx1p40000gn/T/XcodeDistPipeline.wg6/entitlements3B1zg3' '/var/folders/nb/9r6twky15958wwv0khjnx1p40000gn/T/XcodeDistPipeline.wg6/Root/Payload/LoginApplication.app/Frameworks/libswiftCoreFoundation.dylib'
2018-04-25 11:10:50 +0000  /var/folders/nb/9r6twky15958wwv0khjnx1p40000gn/T/XcodeDistPipeline.wg6/Root/Payload/LoginApplication.app/Frameworks/libswiftCoreFoundation.dylib: replacing existing signature
2018-04-25 11:10:51 +0000  /var/folders/nb/9r6twky15958wwv0khjnx1p40000gn/T/XcodeDistPipeline.wg6/Root/Payload/LoginApplication.app/Frameworks/libswiftCoreFoundation.dylib: signed Mach-O universal (armv7 armv7s arm64) [com.apple.dt.runtime.swiftCoreFoundation]
2018-04-25 11:10:51 +0000 [MT] /usr/bin/codesign exited with 0
2018-04-25 11:10:51 +0000 [MT] Applying entitlements delta for <IDEDistributionItem: 0x7f9337167730 'com.apple.dt.runtime.swiftCoreGraphics' '<DVTFilePath:0x7f9336f59210:'/Users/nehamaganpalsingh/Desktop/TestLoginApplication/LoginApplication.xcarchive/Products/Applications/LoginApplication.app/Frameworks/libswiftCoreGraphics.dylib'>'> from <IDEiCloudEntitlementsProcessor: 0x7f9336f8c620>: {
}
2018-04-25 11:10:51 +0000 [MT] Entitlements for <IDEDistributionItem: 0x7f9337167730 'com.apple.dt.runtime.swiftCoreGraphics' '<DVTFilePath:0x7f9336f59210:'/Users/nehamaganpalsingh/Desktop/TestLoginApplication/LoginApplication.xcarchive/Products/Applications/LoginApplication.app/Frameworks/libswiftCoreGraphics.dylib'>'>: {
}
2018-04-25 11:10:51 +0000 [MT] Writing entitlements for <IDEDistributionItem: 0x7f9337167730 'com.apple.dt.runtime.swiftCoreGraphics' '<DVTFilePath:0x7f9336f59210:'/Users/nehamaganpalsingh/Desktop/TestLoginApplication/LoginApplication.xcarchive/Products/Applications/LoginApplication.app/Frameworks/libswiftCoreGraphics.dylib'>'> to: /var/folders/nb/9r6twky15958wwv0khjnx1p40000gn/T/XcodeDistPipeline.wg6/entitlementspdBG0A
2018-04-25 11:10:51 +0000 [MT] Running /usr/bin/codesign '-vvv' '--force' '--sign' '4F3F430F32E3D6DEB8DF093E9351598D09D0D881' '--preserve-metadata=identifier,flags' '--entitlements' '/var/folders/nb/9r6twky15958wwv0khjnx1p40000gn/T/XcodeDistPipeline.wg6/entitlementspdBG0A' '/var/folders/nb/9r6twky15958wwv0khjnx1p40000gn/T/XcodeDistPipeline.wg6/Root/Payload/LoginApplication.app/Frameworks/libswiftCoreGraphics.dylib'
2018-04-25 11:10:51 +0000  /var/folders/nb/9r6twky15958wwv0khjnx1p40000gn/T/XcodeDistPipeline.wg6/Root/Payload/LoginApplication.app/Frameworks/libswiftCoreGraphics.dylib: replacing existing signature
2018-04-25 11:10:51 +0000  /var/folders/nb/9r6twky15958wwv0khjnx1p40000gn/T/XcodeDistPipeline.wg6/Root/Payload/LoginApplication.app/Frameworks/libswiftCoreGraphics.dylib: signed Mach-O universal (armv7 armv7s arm64) [com.apple.dt.runtime.swiftCoreGraphics]
2018-04-25 11:10:51 +0000 [MT] /usr/bin/codesign exited with 0
2018-04-25 11:10:51 +0000 [MT] Applying entitlements delta for <IDEDistributionItem: 0x7f9336f796e0 'com.apple.dt.runtime.swiftCoreImage' '<DVTFilePath:0x7f9334771a50:'/Users/nehamaganpalsingh/Desktop/TestLoginApplication/LoginApplication.xcarchive/Products/Applications/LoginApplication.app/Frameworks/libswiftCoreImage.dylib'>'> from <IDEiCloudEntitlementsProcessor: 0x7f9336f6a800>: {
}
2018-04-25 11:10:51 +0000 [MT] Entitlements for <IDEDistributionItem: 0x7f9336f796e0 'com.apple.dt.runtime.swiftCoreImage' '<DVTFilePath:0x7f9334771a50:'/Users/nehamaganpalsingh/Desktop/TestLoginApplication/LoginApplication.xcarchive/Products/Applications/LoginApplication.app/Frameworks/libswiftCoreImage.dylib'>'>: {
}
2018-04-25 11:10:51 +0000 [MT] Writing entitlements for <IDEDistributionItem: 0x7f9336f796e0 'com.apple.dt.runtime.swiftCoreImage' '<DVTFilePath:0x7f9334771a50:'/Users/nehamaganpalsingh/Desktop/TestLoginApplication/LoginApplication.xcarchive/Products/Applications/LoginApplication.app/Frameworks/libswiftCoreImage.dylib'>'> to: /var/folders/nb/9r6twky15958wwv0khjnx1p40000gn/T/XcodeDistPipeline.wg6/entitlementsbBE7rL
2018-04-25 11:10:51 +0000 [MT] Running /usr/bin/codesign '-vvv' '--force' '--sign' '4F3F430F32E3D6DEB8DF093E9351598D09D0D881' '--preserve-metadata=identifier,flags' '--entitlements' '/var/folders/nb/9r6twky15958wwv0khjnx1p40000gn/T/XcodeDistPipeline.wg6/entitlementsbBE7rL' '/var/folders/nb/9r6twky15958wwv0khjnx1p40000gn/T/XcodeDistPipeline.wg6/Root/Payload/LoginApplication.app/Frameworks/libswiftCoreImage.dylib'
2018-04-25 11:10:51 +0000  /var/folders/nb/9r6twky15958wwv0khjnx1p40000gn/T/XcodeDistPipeline.wg6/Root/Payload/LoginApplication.app/Frameworks/libswiftCoreImage.dylib: replacing existing signature
2018-04-25 11:10:51 +0000  /var/folders/nb/9r6twky15958wwv0khjnx1p40000gn/T/XcodeDistPipeline.wg6/Root/Payload/LoginApplication.app/Frameworks/libswiftCoreImage.dylib: signed Mach-O universal (armv7 armv7s arm64) [com.apple.dt.runtime.swiftCoreImage]
2018-04-25 11:10:51 +0000 [MT] /usr/bin/codesign exited with 0
2018-04-25 11:10:51 +0000 [MT] Applying entitlements delta for <IDEDistributionItem: 0x7f9336f7ae30 'com.apple.dt.runtime.swiftDarwin' '<DVTFilePath:0x7f9337153f50:'/Users/nehamaganpalsingh/Desktop/TestLoginApplication/LoginApplication.xcarchive/Products/Applications/LoginApplication.app/Frameworks/libswiftDarwin.dylib'>'> from <IDEiCloudEntitlementsProcessor: 0x7f9336f6a870>: {
}
2018-04-25 11:10:51 +0000 [MT] Entitlements for <IDEDistributionItem: 0x7f9336f7ae30 'com.apple.dt.runtime.swiftDarwin' '<DVTFilePath:0x7f9337153f50:'/Users/nehamaganpalsingh/Desktop/TestLoginApplication/LoginApplication.xcarchive/Products/Applications/LoginApplication.app/Frameworks/libswiftDarwin.dylib'>'>: {
}
2018-04-25 11:10:51 +0000 [MT] Writing entitlements for <IDEDistributionItem: 0x7f9336f7ae30 'com.apple.dt.runtime.swiftDarwin' '<DVTFilePath:0x7f9337153f50:'/Users/nehamaganpalsingh/Desktop/TestLoginApplication/LoginApplication.xcarchive/Products/Applications/LoginApplication.app/Frameworks/libswiftDarwin.dylib'>'> to: /var/folders/nb/9r6twky15958wwv0khjnx1p40000gn/T/XcodeDistPipeline.wg6/entitlements7bPuTK
2018-04-25 11:10:51 +0000 [MT] Running /usr/bin/codesign '-vvv' '--force' '--sign' '4F3F430F32E3D6DEB8DF093E9351598D09D0D881' '--preserve-metadata=identifier,flags' '--entitlements' '/var/folders/nb/9r6twky15958wwv0khjnx1p40000gn/T/XcodeDistPipeline.wg6/entitlements7bPuTK' '/var/folders/nb/9r6twky15958wwv0khjnx1p40000gn/T/XcodeDistPipeline.wg6/Root/Payload/LoginApplication.app/Frameworks/libswiftDarwin.dylib'
2018-04-25 11:10:51 +0000  /var/folders/nb/9r6twky15958wwv0khjnx1p40000gn/T/XcodeDistPipeline.wg6/Root/Payload/LoginApplication.app/Frameworks/libswiftDarwin.dylib: replacing existing signature
2018-04-25 11:10:51 +0000  /var/folders/nb/9r6twky15958wwv0khjnx1p40000gn/T/XcodeDistPipeline.wg6/Root/Payload/LoginApplication.app/Frameworks/libswiftDarwin.dylib: signed Mach-O universal (armv7 armv7s arm64) [com.apple.dt.runtime.swiftDarwin]
2018-04-25 11:10:51 +0000 [MT] /usr/bin/codesign exited with 0
2018-04-25 11:10:51 +0000 [MT] Applying entitlements delta for <IDEDistributionItem: 0x7f9337145a80 'com.apple.dt.runtime.swiftDispatch' '<DVTFilePath:0x7f9336f17410:'/Users/nehamaganpalsingh/Desktop/TestLoginApplication/LoginApplication.xcarchive/Products/Applications/LoginApplication.app/Frameworks/libswiftDispatch.dylib'>'> from <IDEiCloudEntitlementsProcessor: 0x7f9336f66580>: {
}
2018-04-25 11:10:51 +0000 [MT] Entitlements for <IDEDistributionItem: 0x7f9337145a80 'com.apple.dt.runtime.swiftDispatch' '<DVTFilePath:0x7f9336f17410:'/Users/nehamaganpalsingh/Desktop/TestLoginApplication/LoginApplication.xcarchive/Products/Applications/LoginApplication.app/Frameworks/libswiftDispatch.dylib'>'>: {
}
2018-04-25 11:10:51 +0000 [MT] Writing entitlements for <IDEDistributionItem: 0x7f9337145a80 'com.apple.dt.runtime.swiftDispatch' '<DVTFilePath:0x7f9336f17410:'/Users/nehamaganpalsingh/Desktop/TestLoginApplication/LoginApplication.xcarchive/Products/Applications/LoginApplication.app/Frameworks/libswiftDispatch.dylib'>'> to: /var/folders/nb/9r6twky15958wwv0khjnx1p40000gn/T/XcodeDistPipeline.wg6/entitlementseg18a1
2018-04-25 11:10:51 +0000 [MT] Running /usr/bin/codesign '-vvv' '--force' '--sign' '4F3F430F32E3D6DEB8DF093E9351598D09D0D881' '--preserve-metadata=identifier,flags' '--entitlements' '/var/folders/nb/9r6twky15958wwv0khjnx1p40000gn/T/XcodeDistPipeline.wg6/entitlementseg18a1' '/var/folders/nb/9r6twky15958wwv0khjnx1p40000gn/T/XcodeDistPipeline.wg6/Root/Payload/LoginApplication.app/Frameworks/libswiftDispatch.dylib'
2018-04-25 11:10:51 +0000  /var/folders/nb/9r6twky15958wwv0khjnx1p40000gn/T/XcodeDistPipeline.wg6/Root/Payload/LoginApplication.app/Frameworks/libswiftDispatch.dylib: replacing existing signature
2018-04-25 11:10:51 +0000  /var/folders/nb/9r6twky15958wwv0khjnx1p40000gn/T/XcodeDistPipeline.wg6/Root/Payload/LoginApplication.app/Frameworks/libswiftDispatch.dylib: signed Mach-O universal (armv7 armv7s arm64) [com.apple.dt.runtime.swiftDispatch]
2018-04-25 11:10:51 +0000 [MT] /usr/bin/codesign exited with 0
2018-04-25 11:10:51 +0000 [MT] Applying entitlements delta for <IDEDistributionItem: 0x7f933716efa0 'com.apple.dt.runtime.swiftFoundation' '<DVTFilePath:0x7f9336f42d80:'/Users/nehamaganpalsingh/Desktop/TestLoginApplication/LoginApplication.xcarchive/Products/Applications/LoginApplication.app/Frameworks/libswiftFoundation.dylib'>'> from <IDEiCloudEntitlementsProcessor: 0x7f9336f6a820>: {
}
2018-04-25 11:10:51 +0000 [MT] Entitlements for <IDEDistributionItem: 0x7f933716efa0 'com.apple.dt.runtime.swiftFoundation' '<DVTFilePath:0x7f9336f42d80:'/Users/nehamaganpalsingh/Desktop/TestLoginApplication/LoginApplication.xcarchive/Products/Applications/LoginApplication.app/Frameworks/libswiftFoundation.dylib'>'>: {
}
2018-04-25 11:10:51 +0000 [MT] Writing entitlements for <IDEDistributionItem: 0x7f933716efa0 'com.apple.dt.runtime.swiftFoundation' '<DVTFilePath:0x7f9336f42d80:'/Users/nehamaganpalsingh/Desktop/TestLoginApplication/LoginApplication.xcarchive/Products/Applications/LoginApplication.app/Frameworks/libswiftFoundation.dylib'>'> to: /var/folders/nb/9r6twky15958wwv0khjnx1p40000gn/T/XcodeDistPipeline.wg6/entitlements6Ab9Cw
2018-04-25 11:10:51 +0000 [MT] Running /usr/bin/codesign '-vvv' '--force' '--sign' '4F3F430F32E3D6DEB8DF093E9351598D09D0D881' '--preserve-metadata=identifier,flags' '--entitlements' '/var/folders/nb/9r6twky15958wwv0khjnx1p40000gn/T/XcodeDistPipeline.wg6/entitlements6Ab9Cw' '/var/folders/nb/9r6twky15958wwv0khjnx1p40000gn/T/XcodeDistPipeline.wg6/Root/Payload/LoginApplication.app/Frameworks/libswiftFoundation.dylib'
2018-04-25 11:10:51 +0000  /var/folders/nb/9r6twky15958wwv0khjnx1p40000gn/T/XcodeDistPipeline.wg6/Root/Payload/LoginApplication.app/Frameworks/libswiftFoundation.dylib: replacing existing signature
2018-04-25 11:10:51 +0000  /var/folders/nb/9r6twky15958wwv0khjnx1p40000gn/T/XcodeDistPipeline.wg6/Root/Payload/LoginApplication.app/Frameworks/libswiftFoundation.dylib: signed Mach-O universal (armv7 armv7s arm64) [com.apple.dt.runtime.swiftFoundation]
2018-04-25 11:10:51 +0000 [MT] /usr/bin/codesign exited with 0
2018-04-25 11:10:51 +0000 [MT] Applying entitlements delta for <IDEDistributionItem: 0x7f9336f5bea0 'com.apple.dt.runtime.swiftMetal' '<DVTFilePath:0x7f9337150720:'/Users/nehamaganpalsingh/Desktop/TestLoginApplication/LoginApplication.xcarchive/Products/Applications/LoginApplication.app/Frameworks/libswiftMetal.dylib'>'> from <IDEiCloudEntitlementsProcessor: 0x7f9336f76950>: {
}
2018-04-25 11:10:51 +0000 [MT] Entitlements for <IDEDistributionItem: 0x7f9336f5bea0 'com.apple.dt.runtime.swiftMetal' '<DVTFilePath:0x7f9337150720:'/Users/nehamaganpalsingh/Desktop/TestLoginApplication/LoginApplication.xcarchive/Products/Applications/LoginApplication.app/Frameworks/libswiftMetal.dylib'>'>: {
}
2018-04-25 11:10:51 +0000 [MT] Writing entitlements for <IDEDistributionItem: 0x7f9336f5bea0 'com.apple.dt.runtime.swiftMetal' '<DVTFilePath:0x7f9337150720:'/Users/nehamaganpalsingh/Desktop/TestLoginApplication/LoginApplication.xcarchive/Products/Applications/LoginApplication.app/Frameworks/libswiftMetal.dylib'>'> to: /var/folders/nb/9r6twky15958wwv0khjnx1p40000gn/T/XcodeDistPipeline.wg6/entitlementsERD5hx
2018-04-25 11:10:51 +0000 [MT] Running /usr/bin/codesign '-vvv' '--force' '--sign' '4F3F430F32E3D6DEB8DF093E9351598D09D0D881' '--preserve-metadata=identifier,flags' '--entitlements' '/var/folders/nb/9r6twky15958wwv0khjnx1p40000gn/T/XcodeDistPipeline.wg6/entitlementsERD5hx' '/var/folders/nb/9r6twky15958wwv0khjnx1p40000gn/T/XcodeDistPipeline.wg6/Root/Payload/LoginApplication.app/Frameworks/libswiftMetal.dylib'
2018-04-25 11:10:52 +0000  /var/folders/nb/9r6twky15958wwv0khjnx1p40000gn/T/XcodeDistPipeline.wg6/Root/Payload/LoginApplication.app/Frameworks/libswiftMetal.dylib: replacing existing signature
2018-04-25 11:10:52 +0000  /var/folders/nb/9r6twky15958wwv0khjnx1p40000gn/T/XcodeDistPipeline.wg6/Root/Payload/LoginApplication.app/Frameworks/libswiftMetal.dylib: signed Mach-O universal (armv7 armv7s arm64) [com.apple.dt.runtime.swiftMetal]
2018-04-25 11:10:52 +0000 [MT] /usr/bin/codesign exited with 0
2018-04-25 11:10:52 +0000 [MT] Applying entitlements delta for <IDEDistributionItem: 0x7f9336f8d830 'com.apple.dt.runtime.swiftObjectiveC' '<DVTFilePath:0x7f9337145820:'/Users/nehamaganpalsingh/Desktop/TestLoginApplication/LoginApplication.xcarchive/Products/Applications/LoginApplication.app/Frameworks/libswiftObjectiveC.dylib'>'> from <IDEiCloudEntitlementsProcessor: 0x7f9336f53360>: {
}
2018-04-25 11:10:52 +0000 [MT] Entitlements for <IDEDistributionItem: 0x7f9336f8d830 'com.apple.dt.runtime.swiftObjectiveC' '<DVTFilePath:0x7f9337145820:'/Users/nehamaganpalsingh/Desktop/TestLoginApplication/LoginApplication.xcarchive/Products/Applications/LoginApplication.app/Frameworks/libswiftObjectiveC.dylib'>'>: {
}
2018-04-25 11:10:52 +0000 [MT] Writing entitlements for <IDEDistributionItem: 0x7f9336f8d830 'com.apple.dt.runtime.swiftObjectiveC' '<DVTFilePath:0x7f9337145820:'/Users/nehamaganpalsingh/Desktop/TestLoginApplication/LoginApplication.xcarchive/Products/Applications/LoginApplication.app/Frameworks/libswiftObjectiveC.dylib'>'> to: /var/folders/nb/9r6twky15958wwv0khjnx1p40000gn/T/XcodeDistPipeline.wg6/entitlementsxJgnwt
2018-04-25 11:10:52 +0000 [MT] Running /usr/bin/codesign '-vvv' '--force' '--sign' '4F3F430F32E3D6DEB8DF093E9351598D09D0D881' '--preserve-metadata=identifier,flags' '--entitlements' '/var/folders/nb/9r6twky15958wwv0khjnx1p40000gn/T/XcodeDistPipeline.wg6/entitlementsxJgnwt' '/var/folders/nb/9r6twky15958wwv0khjnx1p40000gn/T/XcodeDistPipeline.wg6/Root/Payload/LoginApplication.app/Frameworks/libswiftObjectiveC.dylib'
2018-04-25 11:10:52 +0000  /var/folders/nb/9r6twky15958wwv0khjnx1p40000gn/T/XcodeDistPipeline.wg6/Root/Payload/LoginApplication.app/Frameworks/libswiftObjectiveC.dylib: replacing existing signature
2018-04-25 11:10:52 +0000  /var/folders/nb/9r6twky15958wwv0khjnx1p40000gn/T/XcodeDistPipeline.wg6/Root/Payload/LoginApplication.app/Frameworks/libswiftObjectiveC.dylib: signed Mach-O universal (armv7 armv7s arm64) [com.apple.dt.runtime.swiftObjectiveC]
2018-04-25 11:10:52 +0000 [MT] /usr/bin/codesign exited with 0
2018-04-25 11:10:52 +0000 [MT] Applying entitlements delta for <IDEDistributionItem: 0x7f933716c0e0 'com.apple.dt.runtime.swiftQuartzCore' '<DVTFilePath:0x7f9336f404e0:'/Users/nehamaganpalsingh/Desktop/TestLoginApplication/LoginApplication.xcarchive/Products/Applications/LoginApplication.app/Frameworks/libswiftQuartzCore.dylib'>'> from <IDEiCloudEntitlementsProcessor: 0x7f9336f7a840>: {
}
2018-04-25 11:10:52 +0000 [MT] Entitlements for <IDEDistributionItem: 0x7f933716c0e0 'com.apple.dt.runtime.swiftQuartzCore' '<DVTFilePath:0x7f9336f404e0:'/Users/nehamaganpalsingh/Desktop/TestLoginApplication/LoginApplication.xcarchive/Products/Applications/LoginApplication.app/Frameworks/libswiftQuartzCore.dylib'>'>: {
}
2018-04-25 11:10:52 +0000 [MT] Writing entitlements for <IDEDistributionItem: 0x7f933716c0e0 'com.apple.dt.runtime.swiftQuartzCore' '<DVTFilePath:0x7f9336f404e0:'/Users/nehamaganpalsingh/Desktop/TestLoginApplication/LoginApplication.xcarchive/Products/Applications/LoginApplication.app/Frameworks/libswiftQuartzCore.dylib'>'> to: /var/folders/nb/9r6twky15958wwv0khjnx1p40000gn/T/XcodeDistPipeline.wg6/entitlementsvF12Dr
2018-04-25 11:10:52 +0000 [MT] Running /usr/bin/codesign '-vvv' '--force' '--sign' '4F3F430F32E3D6DEB8DF093E9351598D09D0D881' '--preserve-metadata=identifier,flags' '--entitlements' '/var/folders/nb/9r6twky15958wwv0khjnx1p40000gn/T/XcodeDistPipeline.wg6/entitlementsvF12Dr' '/var/folders/nb/9r6twky15958wwv0khjnx1p40000gn/T/XcodeDistPipeline.wg6/Root/Payload/LoginApplication.app/Frameworks/libswiftQuartzCore.dylib'
2018-04-25 11:10:52 +0000  /var/folders/nb/9r6twky15958wwv0khjnx1p40000gn/T/XcodeDistPipeline.wg6/Root/Payload/LoginApplication.app/Frameworks/libswiftQuartzCore.dylib: replacing existing signature
2018-04-25 11:10:52 +0000  /var/folders/nb/9r6twky15958wwv0khjnx1p40000gn/T/XcodeDistPipeline.wg6/Root/Payload/LoginApplication.app/Frameworks/libswiftQuartzCore.dylib: signed Mach-O universal (armv7 armv7s arm64) [com.apple.dt.runtime.swiftQuartzCore]
2018-04-25 11:10:52 +0000 [MT] /usr/bin/codesign exited with 0
2018-04-25 11:10:52 +0000 [MT] Applying entitlements delta for <IDEDistributionItem: 0x7f9336f56c40 'com.apple.dt.runtime.swiftUIKit' '<DVTFilePath:0x7f9336f433b0:'/Users/nehamaganpalsingh/Desktop/TestLoginApplication/LoginApplication.xcarchive/Products/Applications/LoginApplication.app/Frameworks/libswiftUIKit.dylib'>'> from <IDEiCloudEntitlementsProcessor: 0x7f9336f665c0>: {
}
2018-04-25 11:10:52 +0000 [MT] Entitlements for <IDEDistributionItem: 0x7f9336f56c40 'com.apple.dt.runtime.swiftUIKit' '<DVTFilePath:0x7f9336f433b0:'/Users/nehamaganpalsingh/Desktop/TestLoginApplication/LoginApplication.xcarchive/Products/Applications/LoginApplication.app/Frameworks/libswiftUIKit.dylib'>'>: {
}
2018-04-25 11:10:52 +0000 [MT] Writing entitlements for <IDEDistributionItem: 0x7f9336f56c40 'com.apple.dt.runtime.swiftUIKit' '<DVTFilePath:0x7f9336f433b0:'/Users/nehamaganpalsingh/Desktop/TestLoginApplication/LoginApplication.xcarchive/Products/Applications/LoginApplication.app/Frameworks/libswiftUIKit.dylib'>'> to: /var/folders/nb/9r6twky15958wwv0khjnx1p40000gn/T/XcodeDistPipeline.wg6/entitlementstfzWz7
2018-04-25 11:10:52 +0000 [MT] Running /usr/bin/codesign '-vvv' '--force' '--sign' '4F3F430F32E3D6DEB8DF093E9351598D09D0D881' '--preserve-metadata=identifier,flags' '--entitlements' '/var/folders/nb/9r6twky15958wwv0khjnx1p40000gn/T/XcodeDistPipeline.wg6/entitlementstfzWz7' '/var/folders/nb/9r6twky15958wwv0khjnx1p40000gn/T/XcodeDistPipeline.wg6/Root/Payload/LoginApplication.app/Frameworks/libswiftUIKit.dylib'
2018-04-25 11:10:52 +0000  /var/folders/nb/9r6twky15958wwv0khjnx1p40000gn/T/XcodeDistPipeline.wg6/Root/Payload/LoginApplication.app/Frameworks/libswiftUIKit.dylib: replacing existing signature
2018-04-25 11:10:52 +0000  /var/folders/nb/9r6twky15958wwv0khjnx1p40000gn/T/XcodeDistPipeline.wg6/Root/Payload/LoginApplication.app/Frameworks/libswiftUIKit.dylib: signed Mach-O universal (armv7 armv7s arm64) [com.apple.dt.runtime.swiftUIKit]
2018-04-25 11:10:52 +0000 [MT] /usr/bin/codesign exited with 0
2018-04-25 11:10:52 +0000 [MT] Applying entitlements delta for <IDEDistributionItem: 0x7f933715cf90 'com.apple.dt.runtime.swiftos' '<DVTFilePath:0x7f9336f48480:'/Users/nehamaganpalsingh/Desktop/TestLoginApplication/LoginApplication.xcarchive/Products/Applications/LoginApplication.app/Frameworks/libswiftos.dylib'>'> from <IDEiCloudEntitlementsProcessor: 0x7f9336f64cd0>: {
}
2018-04-25 11:10:52 +0000 [MT] Entitlements for <IDEDistributionItem: 0x7f933715cf90 'com.apple.dt.runtime.swiftos' '<DVTFilePath:0x7f9336f48480:'/Users/nehamaganpalsingh/Desktop/TestLoginApplication/LoginApplication.xcarchive/Products/Applications/LoginApplication.app/Frameworks/libswiftos.dylib'>'>: {
}
2018-04-25 11:10:52 +0000 [MT] Writing entitlements for <IDEDistributionItem: 0x7f933715cf90 'com.apple.dt.runtime.swiftos' '<DVTFilePath:0x7f9336f48480:'/Users/nehamaganpalsingh/Desktop/TestLoginApplication/LoginApplication.xcarchive/Products/Applications/LoginApplication.app/Frameworks/libswiftos.dylib'>'> to: /var/folders/nb/9r6twky15958wwv0khjnx1p40000gn/T/XcodeDistPipeline.wg6/entitlementsu1Ax5P
2018-04-25 11:10:52 +0000 [MT] Running /usr/bin/codesign '-vvv' '--force' '--sign' '4F3F430F32E3D6DEB8DF093E9351598D09D0D881' '--preserve-metadata=identifier,flags' '--entitlements' '/var/folders/nb/9r6twky15958wwv0khjnx1p40000gn/T/XcodeDistPipeline.wg6/entitlementsu1Ax5P' '/var/folders/nb/9r6twky15958wwv0khjnx1p40000gn/T/XcodeDistPipeline.wg6/Root/Payload/LoginApplication.app/Frameworks/libswiftos.dylib'
2018-04-25 11:10:52 +0000  /var/folders/nb/9r6twky15958wwv0khjnx1p40000gn/T/XcodeDistPipeline.wg6/Root/Payload/LoginApplication.app/Frameworks/libswiftos.dylib: replacing existing signature
2018-04-25 11:10:52 +0000  /var/folders/nb/9r6twky15958wwv0khjnx1p40000gn/T/XcodeDistPipeline.wg6/Root/Payload/LoginApplication.app/Frameworks/libswiftos.dylib: signed Mach-O universal (armv7 armv7s arm64) [com.apple.dt.runtime.swiftos]
2018-04-25 11:10:52 +0000 [MT] /usr/bin/codesign exited with 0
2018-04-25 11:10:52 +0000 [MT] Applying entitlements delta for <IDEDistributionItem: 0x7f93370077d0 'com.cgi.cicd' '<DVTFilePath:0x7f9336d45c50:'/Users/nehamaganpalsingh/Desktop/TestLoginApplication/LoginApplication.xcarchive/Products/Applications/LoginApplication.app'>'> from <IDEiCloudEntitlementsProcessor: 0x7f9336f60390>: {
}
2018-04-25 11:10:52 +0000 [MT] Entitlements for <IDEDistributionItem: 0x7f93370077d0 'com.cgi.cicd' '<DVTFilePath:0x7f9336d45c50:'/Users/nehamaganpalsingh/Desktop/TestLoginApplication/LoginApplication.xcarchive/Products/Applications/LoginApplication.app'>'>: {
    "application-identifier" = "6JK666BK2K.com.cgi.cicd";
    "com.apple.developer.team-identifier" = 6JK666BK2K;
    "get-task-allow" = 0;
    "keychain-access-groups" =     (
        "6JK666BK2K.com.cgi.cicd"
    );
}
2018-04-25 11:10:52 +0000 [MT] Writing entitlements for <IDEDistributionItem: 0x7f93370077d0 'com.cgi.cicd' '<DVTFilePath:0x7f9336d45c50:'/Users/nehamaganpalsingh/Desktop/TestLoginApplication/LoginApplication.xcarchive/Products/Applications/LoginApplication.app'>'> to: /var/folders/nb/9r6twky15958wwv0khjnx1p40000gn/T/XcodeDistPipeline.wg6/entitlementsEkhquv
2018-04-25 11:10:52 +0000 [MT] Running /usr/bin/codesign '-vvv' '--force' '--sign' '4F3F430F32E3D6DEB8DF093E9351598D09D0D881' '--preserve-metadata=identifier,flags' '--entitlements' '/var/folders/nb/9r6twky15958wwv0khjnx1p40000gn/T/XcodeDistPipeline.wg6/entitlementsEkhquv' '/var/folders/nb/9r6twky15958wwv0khjnx1p40000gn/T/XcodeDistPipeline.wg6/Root/Payload/LoginApplication.app'
2018-04-25 11:10:52 +0000  /var/folders/nb/9r6twky15958wwv0khjnx1p40000gn/T/XcodeDistPipeline.wg6/Root/Payload/LoginApplication.app: replacing existing signature
2018-04-25 11:10:53 +0000  /var/folders/nb/9r6twky15958wwv0khjnx1p40000gn/T/XcodeDistPipeline.wg6/Root/Payload/LoginApplication.app: signed app bundle with Mach-O universal (armv7 arm64) [com.cgi.cicd]
2018-04-25 11:10:53 +0000 [MT] /usr/bin/codesign exited with 0
2018-04-25 11:10:53 +0000 [MT] Processing step: IDEDistributionStreamingZipItemStep
2018-04-25 11:10:53 +0000 [MT] Skipping step: IDEDistributionStreamingZipItemStep because it said so
2018-04-25 11:10:53 +0000 [MT] Skipping step: IDEDistributionStreamingZipItemStep because it said so
2018-04-25 11:10:53 +0000 [MT] Skipping step: IDEDistributionStreamingZipItemStep because it said so
2018-04-25 11:10:53 +0000 [MT] Skipping step: IDEDistributionStreamingZipItemStep because it said so
2018-04-25 11:10:53 +0000 [MT] Skipping step: IDEDistributionStreamingZipItemStep because it said so
2018-04-25 11:10:53 +0000 [MT] Skipping step: IDEDistributionStreamingZipItemStep because it said so
2018-04-25 11:10:53 +0000 [MT] Skipping step: IDEDistributionStreamingZipItemStep because it said so
2018-04-25 11:10:53 +0000 [MT] Skipping step: IDEDistributionStreamingZipItemStep because it said so
2018-04-25 11:10:53 +0000 [MT] Skipping step: IDEDistributionStreamingZipItemStep because it said so
2018-04-25 11:10:53 +0000 [MT] Skipping step: IDEDistributionStreamingZipItemStep because it said so
2018-04-25 11:10:53 +0000 [MT] Skipping step: IDEDistributionStreamingZipItemStep because it said so
2018-04-25 11:10:53 +0000 [MT] Skipping step: IDEDistributionStreamingZipItemStep because it said so
2018-04-25 11:10:53 +0000 [MT] Skipping step: IDEDistributionStreamingZipItemStep because it said so
2018-04-25 11:10:53 +0000 [MT] Processing step: IDEDistributionCreateIPAStep
2018-04-25 11:10:53 +0000 [MT] Running /usr/bin/ditto '-V' '-c' '-k' '--norsrc' '/var/folders/nb/9r6twky15958wwv0khjnx1p40000gn/T/XcodeDistPipeline.wg6/Root' '/var/folders/nb/9r6twky15958wwv0khjnx1p40000gn/T/XcodeDistPipeline.wg6/Packages/LoginApplication 2.ipa'
2018-04-25 11:10:53 +0000  >>> Copying /var/folders/nb/9r6twky15958wwv0khjnx1p40000gn/T/XcodeDistPipeline.wg6/Root 
2018-04-25 11:10:53 +0000  copying file ./Payload/LoginApplication.app/_CodeSignature/CodeResources ... 
2018-04-25 11:10:53 +0000  12221 bytes for ./Payload/LoginApplication.app/_CodeSignature/CodeResources
copying file ./Payload/LoginApplication.app/archived-expanded-entitlements.xcent ... 
2018-04-25 11:10:53 +0000  362 bytes for ./Payload/LoginApplication.app/archived-expanded-entitlements.xcent
2018-04-25 11:10:53 +0000  copying file ./Payload/LoginApplication.app/Base.lproj/LaunchScreen.storyboardc/01J-lp-oVM-view-Ze5-6b-2t3.nib ... 
2018-04-25 11:10:53 +0000  1790 bytes for ./Payload/LoginApplication.app/Base.lproj/LaunchScreen.storyboardc/01J-lp-oVM-view-Ze5-6b-2t3.nib
copying file ./Payload/LoginApplication.app/Base.lproj/LaunchScreen.storyboardc/Info.plist ... 
2018-04-25 11:10:53 +0000  258 bytes for ./Payload/LoginApplication.app/Base.lproj/LaunchScreen.storyboardc/Info.plist
copying file ./Payload/LoginApplication.app/Base.lproj/LaunchScreen.storyboardc/UIViewController-01J-lp-oVM.nib ... 
2018-04-25 11:10:53 +0000  832 bytes for ./Payload/LoginApplication.app/Base.lproj/LaunchScreen.storyboardc/UIViewController-01J-lp-oVM.nib
copying file ./Payload/LoginApplication.app/Base.lproj/Main.storyboardc/BYZ-38-t0r-view-8bC-Xf-vdC.nib/objects-11.0+.nib ... 
2018-04-25 11:10:53 +0000  5500 bytes for ./Payload/LoginApplication.app/Base.lproj/Main.storyboardc/BYZ-38-t0r-view-8bC-Xf-vdC.nib/objects-11.0+.nib
copying file ./Payload/LoginApplication.app/Base.lproj/Main.storyboardc/BYZ-38-t0r-view-8bC-Xf-vdC.nib/runtime.nib ... 
2018-04-25 11:10:53 +0000  5507 bytes for ./Payload/LoginApplication.app/Base.lproj/Main.storyboardc/BYZ-38-t0r-view-8bC-Xf-vdC.nib/runtime.nib
2018-04-25 11:10:53 +0000  copying file ./Payload/LoginApplication.app/Base.lproj/Main.storyboardc/Info.plist ... 
347 bytes for ./Payload/LoginApplication.app/Base.lproj/Main.storyboardc/Info.plist
2018-04-25 11:10:53 +0000  copying file ./Payload/LoginApplication.app/Base.lproj/Main.storyboardc/RwJ-ta-SGc-view-TFI-Az-SZz.nib/objects-11.0+.nib ... 
2018-04-25 11:10:53 +0000  3035 bytes for ./Payload/LoginApplication.app/Base.lproj/Main.storyboardc/RwJ-ta-SGc-view-TFI-Az-SZz.nib/objects-11.0+.nib
copying file ./Payload/LoginApplication.app/Base.lproj/Main.storyboardc/RwJ-ta-SGc-view-TFI-Az-SZz.nib/runtime.nib ... 
2018-04-25 11:10:53 +0000  3172 bytes for ./Payload/LoginApplication.app/Base.lproj/Main.storyboardc/RwJ-ta-SGc-view-TFI-Az-SZz.nib/runtime.nib
2018-04-25 11:10:53 +0000  copying file ./Payload/LoginApplication.app/Base.lproj/Main.storyboardc/TableView.nib/objects-11.0+.nib ... 
2018-04-25 11:10:53 +0000  1047 bytes for ./Payload/LoginApplication.app/Base.lproj/Main.storyboardc/TableView.nib/objects-11.0+.nib
copying file ./Payload/LoginApplication.app/Base.lproj/Main.storyboardc/TableView.nib/runtime.nib ... 
2018-04-25 11:10:53 +0000  1047 bytes for ./Payload/LoginApplication.app/Base.lproj/Main.storyboardc/TableView.nib/runtime.nib
copying file ./Payload/LoginApplication.app/Base.lproj/Main.storyboardc/UINavigationController-ya4-XY-G1p.nib/objects-11.0+.nib ... 
2018-04-25 11:10:53 +0000  1760 bytes for ./Payload/LoginApplication.app/Base.lproj/Main.storyboardc/UINavigationController-ya4-XY-G1p.nib/objects-11.0+.nib
copying file ./Payload/LoginApplication.app/Base.lproj/Main.storyboardc/UINavigationController-ya4-XY-G1p.nib/runtime.nib ... 
2018-04-25 11:10:53 +0000  1760 bytes for ./Payload/LoginApplication.app/Base.lproj/Main.storyboardc/UINavigationController-ya4-XY-G1p.nib/runtime.nib
2018-04-25 11:10:53 +0000  copying file ./Payload/LoginApplication.app/Base.lproj/Main.storyboardc/ViewController.nib/objects-11.0+.nib ... 
2018-04-25 11:10:53 +0000  1115 bytes for ./Payload/LoginApplication.app/Base.lproj/Main.storyboardc/ViewController.nib/objects-11.0+.nib
copying file ./Payload/LoginApplication.app/Base.lproj/Main.storyboardc/ViewController.nib/runtime.nib ... 
1115 bytes for ./Payload/LoginApplication.app/Base.lproj/Main.storyboardc/ViewController.nib/runtime.nib
2018-04-25 11:10:53 +0000  copying file ./Payload/LoginApplication.app/embedded.mobileprovision ... 
2018-04-25 11:10:53 +0000  8264 bytes for ./Payload/LoginApplication.app/embedded.mobileprovision
2018-04-25 11:10:53 +0000  copying file ./Payload/LoginApplication.app/Frameworks/libswiftCore.dylib ... 
2018-04-25 11:10:53 +0000  21079952 bytes for ./Payload/LoginApplication.app/Frameworks/libswiftCore.dylib
copying file ./Payload/LoginApplication.app/Frameworks/libswiftCoreFoundation.dylib ... 
2018-04-25 11:10:53 +0000  208656 bytes for ./Payload/LoginApplication.app/Frameworks/libswiftCoreFoundation.dylib
copying file ./Payload/LoginApplication.app/Frameworks/libswiftCoreGraphics.dylib ... 
2018-04-25 11:10:54 +0000  578112 bytes for ./Payload/LoginApplication.app/Frameworks/libswiftCoreGraphics.dylib
copying file ./Payload/LoginApplication.app/Frameworks/libswiftCoreImage.dylib ... 
2018-04-25 11:10:54 +0000  209216 bytes for ./Payload/LoginApplication.app/Frameworks/libswiftCoreImage.dylib
copying file ./Payload/LoginApplication.app/Frameworks/libswiftDarwin.dylib ... 
2018-04-25 11:10:54 +0000  303424 bytes for ./Payload/LoginApplication.app/Frameworks/libswiftDarwin.dylib
copying file ./Payload/LoginApplication.app/Frameworks/libswiftDispatch.dylib ... 
2018-04-25 11:10:54 +0000  1009600 bytes for ./Payload/LoginApplication.app/Frameworks/libswiftDispatch.dylib
copying file ./Payload/LoginApplication.app/Frameworks/libswiftFoundation.dylib ... 
2018-04-25 11:10:54 +0000  8413648 bytes for ./Payload/LoginApplication.app/Frameworks/libswiftFoundation.dylib
copying file ./Payload/LoginApplication.app/Frameworks/libswiftMetal.dylib ... 
2018-04-25 11:10:54 +0000  251600 bytes for ./Payload/LoginApplication.app/Frameworks/libswiftMetal.dylib
copying file ./Payload/LoginApplication.app/Frameworks/libswiftObjectiveC.dylib ... 
2018-04-25 11:10:54 +0000  259296 bytes for ./Payload/LoginApplication.app/Frameworks/libswiftObjectiveC.dylib
copying file ./Payload/LoginApplication.app/Frameworks/libswiftos.dylib ... 
2018-04-25 11:10:54 +0000  249264 bytes for ./Payload/LoginApplication.app/Frameworks/libswiftos.dylib
copying file ./Payload/LoginApplication.app/Frameworks/libswiftQuartzCore.dylib ... 
2018-04-25 11:10:54 +0000  212560 bytes for ./Payload/LoginApplication.app/Frameworks/libswiftQuartzCore.dylib
copying file ./Payload/LoginApplication.app/Frameworks/libswiftUIKit.dylib ... 
2018-04-25 11:10:54 +0000  361840 bytes for ./Payload/LoginApplication.app/Frameworks/libswiftUIKit.dylib
2018-04-25 11:10:54 +0000  copying file ./Payload/LoginApplication.app/Info.plist ... 
1115 bytes for ./Payload/LoginApplication.app/Info.plist
copying file ./Payload/LoginApplication.app/LoginApplication ... 
2018-04-25 11:10:54 +0000  237904 bytes for ./Payload/LoginApplication.app/LoginApplication
copying file ./Payload/LoginApplication.app/PkgInfo ... 
2018-04-25 11:10:54 +0000  8 bytes for ./Payload/LoginApplication.app/PkgInfo
2018-04-25 11:10:54 +0000 [MT] /usr/bin/ditto exited with 0
2018-04-25 11:10:54 +0000 [MT] Processing step: IDEDistributionCreateManifestStep
